<?xml version="1.0" encoding="UTF-8"?>
<!-- Generated by org.testng.reporters.JUnitReportReporter -->
<testsuite hostname="DESKTOP-PGL0QVV" failures="0" tests="1" name="com_Luma_Testcases.TC_01_Luma_Registration" time="5.408" errors="0" timestamp="2024-09-17T11:39:30 IST" skipped="0">
  <testcase classname="com_Luma_Testcases.TC_01_Luma_Registration" name="LumaRegistrationtest" time="5.408"/>
</testsuite> <!-- com_Luma_Testcases.TC_01_Luma_Registration -->
